id=121=0
,=-1=-1
id=74=0
,=-1=-1
equals=-1=-1
(=-1=-1
id=40=0
,=-1=-1
const=49=0
)=-1=-1
,=-1=-1
id=105=0
\=-1=-1
peEcran=-1=-1
const=48=-1
peTastatura=-1=-1
id=121=0
\=-1=-1
peEcran=-1=-1
const=20=-1
peTastatura=-1=-1
id=74=0
\=-1=-1
PasCuPas=-1=-1
(=-1=-1
equals=-1=-1
(=-1=-1
id=105=0
,=-1=-1
const=49=0
)=-1=-1
\=-1=-1
equalsOrSmaller=-1=-1
(=-1=-1
id=105=0
,=-1=-1
id=121=0
)=-1=-1
and=-1=-1
equalsOrSmaller=-1=-1
(=-1=-1
id=105=0
,=-1=-1
id=74=0
)=-1=-1
\=-1=-1
equals=-1=-1
(=-1=-1
id=105=0
,=-1=-1
id=105=0
+=-1=-1
const=49=0
)=-1=-1
Decides=-1=-1
(=-1=-1
id=121=0
%=-1=-1
id=105=0
is=-1=-1
const=48=0
and=-1=-1
id=74=0
%=-1=-1
id=105=0
is=-1=-1
const=48=0
)=-1=-1
equals=-1=-1
(=-1=-1
id=40=0
,=-1=-1
id=105=0
)=-1=-1
peEcran=-1=-1
const=126=0
+=-1=-1
id=121=0
+=-1=-1
id=113=0
+=-1=-1
id=74=0
+=-1=-1
const=34=-1
is=-1=-1
const=34=-1
+=-1=-1
id=40=0
\=-1=-1
