peEcran=-1=-1
const=29=0
peTastatura=-1=-1
id=38=0
YesNo=-1=-1
equals=-1=-1
(=-1=-1
id=104=0
,=-1=-1
id=55=0
)=-1=-1
Decides=-1=-1
(=-1=-1
equalsOrSmaller=-1=-1
(=-1=-1
id=38=0
,=-1=-1
const=49=0
)=-1=-1
equals=-1=-1
(=-1=-1
id=104=0
,=-1=-1
id=130=0
)=-1=-1
PasCuPas=-1=-1
(=-1=-1
rigid=-1=-1
equals=-1=-1
(=-1=-1
id=105=0
,=-1=-1
const=50=0
)=-1=-1
\=-1=-1
smaller=-1=-1
(=-1=-1
id=105=0
,=-1=-1
id=38=0
)=-1=-1
\=-1=-1
equals=-1=-1
(=-1=-1
id=105=0
,=-1=-1
id=105=0
+=-1=-1
const=49=0
)=-1=-1
Decides=-1=-1
(=-1=-1
id=110=0
%=-1=-1
id=105=0
is=-1=-1
const=48=0
)=-1=-1
equals=-1=-1
(=-1=-1
id=104=0
,=-1=-1
id=130=0
)=-1=-1
equals=-1=-1
(=-1=-1
id=104=0
,=-1=-1
id=55=0
)=-1=-1
peEcran=-1=-1
const=121=0
+=-1=-1
id=38=0
+=-1=-1
const=34=-1
is=-1=-1
is=-1=-1
const=34=-1
+=-1=-1
id=104=0
\=-1=-1
