IntArray=-1=-1
[=-1=-1
const=53=0
]=-1=-1
id=63=0
==-1=-1
{=-1=-1
const=49=0
,=-1=-1
const=50=0
,=-1=-1
const=51=0
,=-1=-1
const=52=0
,=-1=-1
const=53=0
}=-1=-1
rigid=-1=-1
equals=-1=-1
(=-1=-1
id=79=0
,=-1=-1
const=48=0
)=-1=-1
PasCuPas=-1=-1
(=-1=-1
equals=-1=-1
(=-1=-1
id=105=0
,=-1=-1
const=48=0
)=-1=-1
\=-1=-1
smaller=-1=-1
(=-1=-1
id=105=0
,=-1=-1
id=63=0
.=-1=-1
size=-1=-1
(=-1=-1
)=-1=-1
)=-1=-1
\=-1=-1
equals=-1=-1
(=-1=-1
id=105=0
,=-1=-1
id=105=0
+=-1=-1
const=49=0
)=-1=-1
equals=-1=-1
(=-1=-1
id=79=0
,=-1=-1
(=-1=-1
id=79=0
+=-1=-1
id=63=0
[=-1=-1
id=105=0
]=-1=-1
peEcran=-1=-1
const=59=0
+=-1=-1
id=79=0
\=-1=-1
