
ST_Position 0:  symbol:  
ST_Position 1:  
ST_Position 2:  
ST_Position 3:  
ST_Position 4:  
ST_Position 5:  
ST_Position 6:  
ST_Position 7:  
ST_Position 8:  
ST_Position 9:  symbol: "Enter first number" 
ST_Position 10:  
ST_Position 11:  
ST_Position 12:  
ST_Position 13:  
ST_Position 14:  
ST_Position 15:  
ST_Position 16:  
ST_Position 17:  
ST_Position 18:  
ST_Position 19:  
ST_Position 20:  
ST_Position 21:  
ST_Position 22:  
ST_Position 23:  
ST_Position 24:  
ST_Position 25:  
ST_Position 26:  
ST_Position 27:  
ST_Position 28:  
ST_Position 29:  
ST_Position 30:  
ST_Position 31:  
ST_Position 32:  
ST_Position 33:  
ST_Position 34:  
ST_Position 35:  
ST_Position 36:  
ST_Position 37:  
ST_Position 38:  
ST_Position 39:  
ST_Position 40:  symbol: gcd 
ST_Position 41:  
ST_Position 42:  
ST_Position 43:  
ST_Position 44:  
ST_Position 45:  
ST_Position 46:  
ST_Position 47:  
ST_Position 48:  symbol: 0 
ST_Position 49:  symbol: 1 
ST_Position 50:  
ST_Position 51:  
ST_Position 52:  
ST_Position 53:  
ST_Position 54:  
ST_Position 55:  
ST_Position 56:  
ST_Position 57:  
ST_Position 58:  
ST_Position 59:  
ST_Position 60:  
ST_Position 61:  
ST_Position 62:  
ST_Position 63:  
ST_Position 64:  
ST_Position 65:  
ST_Position 66:  
ST_Position 67:  
ST_Position 68:  
ST_Position 69:  
ST_Position 70:  
ST_Position 71:  
ST_Position 72:  
ST_Position 73:  
ST_Position 74:  symbol: secondNumber 
ST_Position 75:  
ST_Position 76:  
ST_Position 77:  
ST_Position 78:  
ST_Position 79:  
ST_Position 80:  
ST_Position 81:  
ST_Position 82:  
ST_Position 83:  
ST_Position 84:  
ST_Position 85:  
ST_Position 86:  
ST_Position 87:  
ST_Position 88:  
ST_Position 89:  
ST_Position 90:  symbol: " is " 
ST_Position 91:  
ST_Position 92:  
ST_Position 93:  
ST_Position 94:  
ST_Position 95:  
ST_Position 96:  
ST_Position 97:  
ST_Position 98:  
ST_Position 99:  
ST_Position 100:  
ST_Position 101:  
ST_Position 102:  
ST_Position 103:  
ST_Position 104:  
ST_Position 105:  symbol: i 
ST_Position 106:  
ST_Position 107:  
ST_Position 108:  
ST_Position 109:  
ST_Position 110:  
ST_Position 111:  
ST_Position 112:  symbol: second 
ST_Position 113:  symbol: "and" 
ST_Position 114:  
ST_Position 115:  
ST_Position 116:  
ST_Position 117:  
ST_Position 118:  
ST_Position 119:  
ST_Position 120:  
ST_Position 121:  symbol: firstNumber 
ST_Position 122:  
ST_Position 123:  
ST_Position 124:  
ST_Position 125:  symbol: number 
ST_Position 126:  symbol: "GCD of" 
ST_Position 127:  
ST_Position 128:  
ST_Position 129:  
ST_Position 130:  

